-------------------------------------------------------------------------------
Test set: ec.edu.espe.AirporTaxiScheduling.controller.AccountingControllerTest
-------------------------------------------------------------------------------
<<<<<<< HEAD:06-Code/AirportTaxiSchedulingV3.1.0/target/surefire-reports/ec.edu.espe.AirporTaxiScheduling.controller.AccountingControllerTest.txt
Tests run: 2, Failures: 2, Errors: 0, Skipped: 0, Time elapsed: 0.256 sec <<< FAILURE!
testCalculateLostPercent(ec.edu.espe.AirporTaxiScheduling.controller.AccountingControllerTest)  Time elapsed: 0.183 sec  <<< FAILURE!
java.lang.AssertionError: expected:<53.62> but was:<52.63>
	at org.junit.Assert.fail(Assert.java:88)
	at org.junit.Assert.failNotEquals(Assert.java:834)
	at org.junit.Assert.assertEquals(Assert.java:575)
	at org.junit.Assert.assertEquals(Assert.java:700)
	at ec.edu.espe.AirporTaxiScheduling.controller.AccountingControllerTest.testCalculateLostPercent(AccountingControllerTest.java:28)
=======
<<<<<<< HEAD
Tests run: 2, Failures: 0, Errors: 2, Skipped: 0, Time elapsed: 0.116 sec <<< FAILURE!
testCalculateLostPercent(ec.edu.espe.AirporTaxiScheduling.controller.AccountingControllerTest)  Time elapsed: 0.072 sec  <<< ERROR!
java.lang.NumberFormatException: For input string: "IND"
	at java.base/jdk.internal.math.FloatingDecimal.readJavaFormatString(FloatingDecimal.java:2054)
	at java.base/jdk.internal.math.FloatingDecimal.parseDouble(FloatingDecimal.java:110)
	at java.base/java.lang.Double.parseDouble(Double.java:735)
	at com.google.gson.stream.JsonReader.nextDouble(JsonReader.java:920)
	at com.google.gson.Gson$2.read(Gson.java:425)
	at com.google.gson.Gson$2.read(Gson.java:419)
	at com.google.gson.internal.bind.ReflectiveTypeAdapterFactory$1.readIntoField(ReflectiveTypeAdapterFactory.java:212)
	at com.google.gson.internal.bind.ReflectiveTypeAdapterFactory$FieldReflectionAdapter.readField(ReflectiveTypeAdapterFactory.java:431)
	at com.google.gson.internal.bind.ReflectiveTypeAdapterFactory$Adapter.read(ReflectiveTypeAdapterFactory.java:391)
	at com.google.gson.internal.bind.TypeAdapterRuntimeTypeWrapper.read(TypeAdapterRuntimeTypeWrapper.java:40)
	at com.google.gson.internal.bind.CollectionTypeAdapterFactory$Adapter.read(CollectionTypeAdapterFactory.java:82)
	at com.google.gson.internal.bind.CollectionTypeAdapterFactory$Adapter.read(CollectionTypeAdapterFactory.java:61)
	at com.google.gson.Gson.fromJson(Gson.java:1214)
=======
Tests run: 2, Failures: 0, Errors: 2, Skipped: 0, Time elapsed: 0.064 sec <<< FAILURE!
testCalculateLostPercent(ec.edu.espe.AirporTaxiScheduling.controller.AccountingControllerTest)  Time elapsed: 0.04 sec  <<< ERROR!
com.google.gson.JsonSyntaxException: com.google.gson.stream.MalformedJsonException: Unterminated array at line 21 column 4 path $[2]
	at com.google.gson.Gson.fromJson(Gson.java:1229)
>>>>>>> c229f949d3e34db51a558e807d2e9e8b1811d376
	at com.google.gson.Gson.fromJson(Gson.java:1124)
	at com.google.gson.Gson.fromJson(Gson.java:1094)
	at ec.edu.espe.AirporTaxiScheduling.utils.FileManager.readJson(FileManager.java:120)
	at ec.edu.espe.AirporTaxiScheduling.controller.AccountingControllerTest.testCalculateLostPercent(AccountingControllerTest.java:22)
>>>>>>> 695217ff8aff1ca36429a51fe4f29b359c05ac8c:06-Code/AirportTaxiSchedulingV3.1.0 last/target/surefire-reports/ec.edu.espe.AirporTaxiScheduling.controller.AccountingControllerTest.txt
	at java.base/jdk.internal.reflect.DirectMethodHandleAccessor.invoke(DirectMethodHandleAccessor.java:104)
	at java.base/java.lang.reflect.Method.invoke(Method.java:578)
	at org.junit.runners.model.FrameworkMethod$1.runReflectiveCall(FrameworkMethod.java:50)
	at org.junit.internal.runners.model.ReflectiveCallable.run(ReflectiveCallable.java:12)
	at org.junit.runners.model.FrameworkMethod.invokeExplosively(FrameworkMethod.java:47)
	at org.junit.internal.runners.statements.InvokeMethod.evaluate(InvokeMethod.java:17)
	at org.junit.runners.ParentRunner.runLeaf(ParentRunner.java:325)
	at org.junit.runners.BlockJUnit4ClassRunner.runChild(BlockJUnit4ClassRunner.java:78)
	at org.junit.runners.BlockJUnit4ClassRunner.runChild(BlockJUnit4ClassRunner.java:57)
	at org.junit.runners.ParentRunner$3.run(ParentRunner.java:290)
	at org.junit.runners.ParentRunner$1.schedule(ParentRunner.java:71)
	at org.junit.runners.ParentRunner.runChildren(ParentRunner.java:288)
	at org.junit.runners.ParentRunner.access$000(ParentRunner.java:58)
	at org.junit.runners.ParentRunner$2.evaluate(ParentRunner.java:268)
	at org.junit.runners.ParentRunner.run(ParentRunner.java:363)
	at org.apache.maven.surefire.junit4.JUnit4Provider.execute(JUnit4Provider.java:252)
	at org.apache.maven.surefire.junit4.JUnit4Provider.executeTestSet(JUnit4Provider.java:141)
	at org.apache.maven.surefire.junit4.JUnit4Provider.invoke(JUnit4Provider.java:112)
	at java.base/jdk.internal.reflect.DirectMethodHandleAccessor.invoke(DirectMethodHandleAccessor.java:104)
	at java.base/java.lang.reflect.Method.invoke(Method.java:578)
	at org.apache.maven.surefire.util.ReflectionUtils.invokeMethodWithArray(ReflectionUtils.java:189)
	at org.apache.maven.surefire.booter.ProviderFactory$ProviderProxy.invoke(ProviderFactory.java:165)
	at org.apache.maven.surefire.booter.ProviderFactory.invokeProvider(ProviderFactory.java:85)
	at org.apache.maven.surefire.booter.ForkedBooter.runSuitesInProcess(ForkedBooter.java:115)
	at org.apache.maven.surefire.booter.ForkedBooter.main(ForkedBooter.java:75)

<<<<<<< HEAD:06-Code/AirportTaxiSchedulingV3.1.0/target/surefire-reports/ec.edu.espe.AirporTaxiScheduling.controller.AccountingControllerTest.txt
testCalculateTotal(ec.edu.espe.AirporTaxiScheduling.controller.AccountingControllerTest)  Time elapsed: 0 sec  <<< FAILURE!
java.lang.AssertionError: expected:<59.0> but was:<50.0>
	at org.junit.Assert.fail(Assert.java:88)
	at org.junit.Assert.failNotEquals(Assert.java:834)
	at org.junit.Assert.assertEquals(Assert.java:575)
	at org.junit.Assert.assertEquals(Assert.java:700)
	at ec.edu.espe.AirporTaxiScheduling.controller.AccountingControllerTest.testCalculateTotal(AccountingControllerTest.java:46)
=======
testCalculateTotal(ec.edu.espe.AirporTaxiScheduling.controller.AccountingControllerTest)  Time elapsed: 0.002 sec  <<< ERROR!
java.lang.NumberFormatException: For input string: "IND"
	at java.base/jdk.internal.math.FloatingDecimal.readJavaFormatString(FloatingDecimal.java:2054)
	at java.base/jdk.internal.math.FloatingDecimal.parseDouble(FloatingDecimal.java:110)
	at java.base/java.lang.Double.parseDouble(Double.java:735)
	at com.google.gson.stream.JsonReader.nextDouble(JsonReader.java:920)
	at com.google.gson.Gson$2.read(Gson.java:425)
	at com.google.gson.Gson$2.read(Gson.java:419)
	at com.google.gson.internal.bind.ReflectiveTypeAdapterFactory$1.readIntoField(ReflectiveTypeAdapterFactory.java:212)
	at com.google.gson.internal.bind.ReflectiveTypeAdapterFactory$FieldReflectionAdapter.readField(ReflectiveTypeAdapterFactory.java:431)
	at com.google.gson.internal.bind.ReflectiveTypeAdapterFactory$Adapter.read(ReflectiveTypeAdapterFactory.java:391)
	at com.google.gson.internal.bind.TypeAdapterRuntimeTypeWrapper.read(TypeAdapterRuntimeTypeWrapper.java:40)
	at com.google.gson.internal.bind.CollectionTypeAdapterFactory$Adapter.read(CollectionTypeAdapterFactory.java:82)
	at com.google.gson.internal.bind.CollectionTypeAdapterFactory$Adapter.read(CollectionTypeAdapterFactory.java:61)
	at com.google.gson.Gson.fromJson(Gson.java:1214)
<<<<<<< HEAD
=======
	... 29 more

testCalculateTotal(ec.edu.espe.AirporTaxiScheduling.controller.AccountingControllerTest)  Time elapsed: 0 sec  <<< ERROR!
com.google.gson.JsonSyntaxException: com.google.gson.stream.MalformedJsonException: Unterminated array at line 21 column 4 path $[2]
	at com.google.gson.Gson.fromJson(Gson.java:1229)
>>>>>>> c229f949d3e34db51a558e807d2e9e8b1811d376
	at com.google.gson.Gson.fromJson(Gson.java:1124)
	at com.google.gson.Gson.fromJson(Gson.java:1094)
	at ec.edu.espe.AirporTaxiScheduling.utils.FileManager.readJson(FileManager.java:120)
	at ec.edu.espe.AirporTaxiScheduling.controller.AccountingControllerTest.testCalculateTotal(AccountingControllerTest.java:41)
>>>>>>> 695217ff8aff1ca36429a51fe4f29b359c05ac8c:06-Code/AirportTaxiSchedulingV3.1.0 last/target/surefire-reports/ec.edu.espe.AirporTaxiScheduling.controller.AccountingControllerTest.txt
	at java.base/jdk.internal.reflect.DirectMethodHandleAccessor.invoke(DirectMethodHandleAccessor.java:104)
	at java.base/java.lang.reflect.Method.invoke(Method.java:578)
	at org.junit.runners.model.FrameworkMethod$1.runReflectiveCall(FrameworkMethod.java:50)
	at org.junit.internal.runners.model.ReflectiveCallable.run(ReflectiveCallable.java:12)
	at org.junit.runners.model.FrameworkMethod.invokeExplosively(FrameworkMethod.java:47)
	at org.junit.internal.runners.statements.InvokeMethod.evaluate(InvokeMethod.java:17)
	at org.junit.runners.ParentRunner.runLeaf(ParentRunner.java:325)
	at org.junit.runners.BlockJUnit4ClassRunner.runChild(BlockJUnit4ClassRunner.java:78)
	at org.junit.runners.BlockJUnit4ClassRunner.runChild(BlockJUnit4ClassRunner.java:57)
	at org.junit.runners.ParentRunner$3.run(ParentRunner.java:290)
	at org.junit.runners.ParentRunner$1.schedule(ParentRunner.java:71)
	at org.junit.runners.ParentRunner.runChildren(ParentRunner.java:288)
	at org.junit.runners.ParentRunner.access$000(ParentRunner.java:58)
	at org.junit.runners.ParentRunner$2.evaluate(ParentRunner.java:268)
	at org.junit.runners.ParentRunner.run(ParentRunner.java:363)
	at org.apache.maven.surefire.junit4.JUnit4Provider.execute(JUnit4Provider.java:252)
	at org.apache.maven.surefire.junit4.JUnit4Provider.executeTestSet(JUnit4Provider.java:141)
	at org.apache.maven.surefire.junit4.JUnit4Provider.invoke(JUnit4Provider.java:112)
	at java.base/jdk.internal.reflect.DirectMethodHandleAccessor.invoke(DirectMethodHandleAccessor.java:104)
	at java.base/java.lang.reflect.Method.invoke(Method.java:578)
	at org.apache.maven.surefire.util.ReflectionUtils.invokeMethodWithArray(ReflectionUtils.java:189)
	at org.apache.maven.surefire.booter.ProviderFactory$ProviderProxy.invoke(ProviderFactory.java:165)
	at org.apache.maven.surefire.booter.ProviderFactory.invokeProvider(ProviderFactory.java:85)
	at org.apache.maven.surefire.booter.ForkedBooter.runSuitesInProcess(ForkedBooter.java:115)
	at org.apache.maven.surefire.booter.ForkedBooter.main(ForkedBooter.java:75)

